[2m2021-11-09 12:21:49.558[0;39m [32m INFO[0;39m [35m19356[0;39m [2m---[0;39m [2m[  restartedMain][0;39m [36m.e.DevToolsPropertyDefaultsPostProcessor[0;39m [2m:[0;39m Devtools property defaults active! Set 'spring.devtools.add-properties' to 'false' to disable
[2m2021-11-09 12:21:49.565[0;39m [32m INFO[0;39m [35m19356[0;39m [2m---[0;39m [2m[  restartedMain][0;39m [36m.e.DevToolsPropertyDefaultsPostProcessor[0;39m [2m:[0;39m For additional web related logging consider setting the 'logging.level.web' property to 'DEBUG'
[2m2021-11-09 12:21:55.322[0;39m [32m INFO[0;39m [35m19356[0;39m [2m---[0;39m [2m[  restartedMain][0;39m [36mo.s.b.w.embedded.tomcat.TomcatWebServer [0;39m [2m:[0;39m Tomcat initialized with port(s): 9999 (http)
[2m2021-11-09 12:21:55.590[0;39m [32m INFO[0;39m [35m19356[0;39m [2m---[0;39m [2m[  restartedMain][0;39m [36mw.s.c.ServletWebServerApplicationContext[0;39m [2m:[0;39m Root WebApplicationContext: initialization completed in 6020 ms
[2m2021-11-09 12:21:57.930[0;39m [32m INFO[0;39m [35m19356[0;39m [2m---[0;39m [2m[  restartedMain][0;39m [36mo.s.s.concurrent.ThreadPoolTaskExecutor [0;39m [2m:[0;39m Initializing ExecutorService 'applicationTaskExecutor'
[2m2021-11-09 12:21:58.149[0;39m [32m INFO[0;39m [35m19356[0;39m [2m---[0;39m [2m[  restartedMain][0;39m [36mo.s.b.d.a.OptionalLiveReloadServer      [0;39m [2m:[0;39m LiveReload server is running on port 35729
[2m2021-11-09 12:21:59.078[0;39m [32m INFO[0;39m [35m19356[0;39m [2m---[0;39m [2m[  restartedMain][0;39m [36mo.s.b.w.embedded.tomcat.TomcatWebServer [0;39m [2m:[0;39m Tomcat started on port(s): 9999 (http) with context path '/vue'
[2m2021-11-09 12:24:12.111[0;39m [32m INFO[0;39m [35m19356[0;39m [2m---[0;39m [2m[nio-9999-exec-5][0;39m [36mo.s.web.servlet.DispatcherServlet       [0;39m [2m:[0;39m Initializing Servlet 'dispatcherServlet'
[2m2021-11-09 12:24:12.775[0;39m [32m INFO[0;39m [35m19356[0;39m [2m---[0;39m [2m[nio-9999-exec-5][0;39m [36mo.s.web.servlet.DispatcherServlet       [0;39m [2m:[0;39m Completed initialization in 430 ms
[2m2021-11-09 12:27:13.974[0;39m [32mDEBUG[0;39m [35m19356[0;39m [2m---[0;39m [2m[nio-9999-exec-6][0;39m [36mc.ssafy.vue.controller.BoardController  [0;39m [2m:[0;39m retrieveBoard - 호출
[2m2021-11-09 13:29:32.077[0;39m [32m INFO[0;39m [35m19356[0;39m [2m---[0;39m [2m[n(78)-127.0.0.1][0;39m [36minMXBeanRegistrar$SpringApplicationAdmin[0;39m [2m:[0;39m Application shutdown requested.
[2m2021-11-09 13:29:33.618[0;39m [32m INFO[0;39m [35m19356[0;39m [2m---[0;39m [2m[n(78)-127.0.0.1][0;39m [36mo.s.s.concurrent.ThreadPoolTaskExecutor [0;39m [2m:[0;39m Shutting down ExecutorService 'applicationTaskExecutor'
[2m2021-11-09 16:03:45.771[0;39m [32m INFO[0;39m [35m18848[0;39m [2m---[0;39m [2m[  restartedMain][0;39m [36m.e.DevToolsPropertyDefaultsPostProcessor[0;39m [2m:[0;39m Devtools property defaults active! Set 'spring.devtools.add-properties' to 'false' to disable
[2m2021-11-09 16:03:45.782[0;39m [32m INFO[0;39m [35m18848[0;39m [2m---[0;39m [2m[  restartedMain][0;39m [36m.e.DevToolsPropertyDefaultsPostProcessor[0;39m [2m:[0;39m For additional web related logging consider setting the 'logging.level.web' property to 'DEBUG'
[2m2021-11-09 16:03:49.975[0;39m [32m INFO[0;39m [35m18848[0;39m [2m---[0;39m [2m[  restartedMain][0;39m [36mo.s.b.w.embedded.tomcat.TomcatWebServer [0;39m [2m:[0;39m Tomcat initialized with port(s): 9999 (http)
[2m2021-11-09 16:03:50.209[0;39m [32m INFO[0;39m [35m18848[0;39m [2m---[0;39m [2m[  restartedMain][0;39m [36mw.s.c.ServletWebServerApplicationContext[0;39m [2m:[0;39m Root WebApplicationContext: initialization completed in 4424 ms
[2m2021-11-09 16:03:53.333[0;39m [32m INFO[0;39m [35m18848[0;39m [2m---[0;39m [2m[  restartedMain][0;39m [36mo.s.s.concurrent.ThreadPoolTaskExecutor [0;39m [2m:[0;39m Initializing ExecutorService 'applicationTaskExecutor'
[2m2021-11-09 16:03:53.468[0;39m [32m INFO[0;39m [35m18848[0;39m [2m---[0;39m [2m[  restartedMain][0;39m [36mo.s.b.d.a.OptionalLiveReloadServer      [0;39m [2m:[0;39m LiveReload server is running on port 35729
[2m2021-11-09 16:03:54.804[0;39m [32m INFO[0;39m [35m18848[0;39m [2m---[0;39m [2m[  restartedMain][0;39m [36mo.s.b.w.embedded.tomcat.TomcatWebServer [0;39m [2m:[0;39m Tomcat started on port(s): 9999 (http) with context path '/vue'
[2m2021-11-09 16:04:18.192[0;39m [32m INFO[0;39m [35m18848[0;39m [2m---[0;39m [2m[nio-9999-exec-1][0;39m [36mo.s.web.servlet.DispatcherServlet       [0;39m [2m:[0;39m Initializing Servlet 'dispatcherServlet'
[2m2021-11-09 16:04:18.211[0;39m [32m INFO[0;39m [35m18848[0;39m [2m---[0;39m [2m[nio-9999-exec-1][0;39m [36mo.s.web.servlet.DispatcherServlet       [0;39m [2m:[0;39m Completed initialization in 18 ms
[2m2021-11-09 16:04:18.322[0;39m [32mDEBUG[0;39m [35m18848[0;39m [2m---[0;39m [2m[nio-9999-exec-1][0;39m [36mc.ssafy.vue.controller.BoardController  [0;39m [2m:[0;39m retrieveBoard - 호출
[2m2021-11-09 16:11:00.768[0;39m [32mDEBUG[0;39m [35m18848[0;39m [2m---[0;39m [2m[nio-9999-exec-4][0;39m [36mc.ssafy.vue.controller.BoardController  [0;39m [2m:[0;39m writeBoard - 호출
[2m2021-11-09 16:11:00.768[0;39m [32mDEBUG[0;39m [35m18848[0;39m [2m---[0;39m [2m[nio-9999-exec-5][0;39m [36mc.ssafy.vue.controller.BoardController  [0;39m [2m:[0;39m writeBoard - 호출
[2m2021-11-09 16:11:00.988[0;39m [32mDEBUG[0;39m [35m18848[0;39m [2m---[0;39m [2m[nio-9999-exec-6][0;39m [36mc.ssafy.vue.controller.BoardController  [0;39m [2m:[0;39m writeBoard - 호출
[2m2021-11-09 16:11:03.909[0;39m [32mDEBUG[0;39m [35m18848[0;39m [2m---[0;39m [2m[io-9999-exec-10][0;39m [36mc.ssafy.vue.controller.BoardController  [0;39m [2m:[0;39m retrieveBoard - 호출
[2m2021-11-09 16:16:01.324[0;39m [32mDEBUG[0;39m [35m18848[0;39m [2m---[0;39m [2m[nio-9999-exec-2][0;39m [36mc.ssafy.vue.controller.BoardController  [0;39m [2m:[0;39m retrieveBoard - 호출
[2m2021-11-09 16:16:10.625[0;39m [32mDEBUG[0;39m [35m18848[0;39m [2m---[0;39m [2m[nio-9999-exec-6][0;39m [36mc.ssafy.vue.controller.BoardController  [0;39m [2m:[0;39m writeBoard - 호출
[2m2021-11-09 16:16:11.917[0;39m [32mDEBUG[0;39m [35m18848[0;39m [2m---[0;39m [2m[nio-9999-exec-4][0;39m [36mc.ssafy.vue.controller.BoardController  [0;39m [2m:[0;39m retrieveBoard - 호출
[2m2021-11-09 16:16:14.047[0;39m [32mDEBUG[0;39m [35m18848[0;39m [2m---[0;39m [2m[nio-9999-exec-9][0;39m [36mc.ssafy.vue.controller.BoardController  [0;39m [2m:[0;39m detailBoard - 호출
[2m2021-11-09 16:16:16.860[0;39m [33m WARN[0;39m [35m18848[0;39m [2m---[0;39m [2m[nio-9999-exec-7][0;39m [36m.w.s.m.s.DefaultHandlerExceptionResolver[0;39m [2m:[0;39m Resolved [org.springframework.web.method.annotation.MethodArgumentTypeMismatchException: Failed to convert value of type 'java.lang.String' to required type 'int'; nested exception is java.lang.NumberFormatException: For input string: "7}"]
[2m2021-11-09 16:16:24.202[0;39m [32mDEBUG[0;39m [35m18848[0;39m [2m---[0;39m [2m[nio-9999-exec-8][0;39m [36mc.ssafy.vue.controller.BoardController  [0;39m [2m:[0;39m detailBoard - 호출
[2m2021-11-09 16:16:25.845[0;39m [33m WARN[0;39m [35m18848[0;39m [2m---[0;39m [2m[io-9999-exec-10][0;39m [36m.w.s.m.s.DefaultHandlerExceptionResolver[0;39m [2m:[0;39m Resolved [org.springframework.web.method.annotation.MethodArgumentTypeMismatchException: Failed to convert value of type 'java.lang.String' to required type 'int'; nested exception is java.lang.NumberFormatException: For input string: "7}"]
[2m2021-11-09 16:17:12.454[0;39m [32mDEBUG[0;39m [35m18848[0;39m [2m---[0;39m [2m[nio-9999-exec-1][0;39m [36mc.ssafy.vue.controller.BoardController  [0;39m [2m:[0;39m retrieveBoard - 호출
[2m2021-11-09 16:17:13.908[0;39m [32mDEBUG[0;39m [35m18848[0;39m [2m---[0;39m [2m[nio-9999-exec-2][0;39m [36mc.ssafy.vue.controller.BoardController  [0;39m [2m:[0;39m detailBoard - 호출
[2m2021-11-09 16:17:15.175[0;39m [32mDEBUG[0;39m [35m18848[0;39m [2m---[0;39m [2m[nio-9999-exec-3][0;39m [36mc.ssafy.vue.controller.BoardController  [0;39m [2m:[0;39m detailBoard - 호출
[2m2021-11-09 16:17:40.140[0;39m [32mDEBUG[0;39m [35m18848[0;39m [2m---[0;39m [2m[nio-9999-exec-4][0;39m [36mc.ssafy.vue.controller.BoardController  [0;39m [2m:[0;39m updateBoard - 호출
[2m2021-11-09 16:17:40.141[0;39m [32mDEBUG[0;39m [35m18848[0;39m [2m---[0;39m [2m[nio-9999-exec-4][0;39m [36mc.ssafy.vue.controller.BoardController  [0;39m [2m:[0;39m Board [no=7, title=냉냥냥, content=냥냔ㅇ냥, writer=ssafy, regtime=null]
[2m2021-11-09 16:17:41.790[0;39m [32mDEBUG[0;39m [35m18848[0;39m [2m---[0;39m [2m[nio-9999-exec-9][0;39m [36mc.ssafy.vue.controller.BoardController  [0;39m [2m:[0;39m retrieveBoard - 호출
[2m2021-11-09 16:17:43.896[0;39m [32mDEBUG[0;39m [35m18848[0;39m [2m---[0;39m [2m[nio-9999-exec-7][0;39m [36mc.ssafy.vue.controller.BoardController  [0;39m [2m:[0;39m detailBoard - 호출
[2m2021-11-09 16:18:41.456[0;39m [32mDEBUG[0;39m [35m18848[0;39m [2m---[0;39m [2m[nio-9999-exec-1][0;39m [36mc.ssafy.vue.controller.BoardController  [0;39m [2m:[0;39m retrieveBoard - 호출
[2m2021-11-09 16:18:42.655[0;39m [32mDEBUG[0;39m [35m18848[0;39m [2m---[0;39m [2m[nio-9999-exec-2][0;39m [36mc.ssafy.vue.controller.BoardController  [0;39m [2m:[0;39m detailBoard - 호출
[2m2021-11-09 16:18:44.027[0;39m [32mDEBUG[0;39m [35m18848[0;39m [2m---[0;39m [2m[nio-9999-exec-6][0;39m [36mc.ssafy.vue.controller.BoardController  [0;39m [2m:[0;39m deleteBoard - 호출
[2m2021-11-09 16:18:45.328[0;39m [32mDEBUG[0;39m [35m18848[0;39m [2m---[0;39m [2m[nio-9999-exec-5][0;39m [36mc.ssafy.vue.controller.BoardController  [0;39m [2m:[0;39m retrieveBoard - 호출
[2m2021-11-09 17:11:17.696[0;39m [32m INFO[0;39m [35m18848[0;39m [2m---[0;39m [2m[n(76)-127.0.0.1][0;39m [36minMXBeanRegistrar$SpringApplicationAdmin[0;39m [2m:[0;39m Application shutdown requested.
[2m2021-11-09 17:11:18.624[0;39m [32m INFO[0;39m [35m18848[0;39m [2m---[0;39m [2m[n(76)-127.0.0.1][0;39m [36mo.s.s.concurrent.ThreadPoolTaskExecutor [0;39m [2m:[0;39m Shutting down ExecutorService 'applicationTaskExecutor'
